This file contains any messages produced by compilers while
running configure, to aid debugging if configure makes a mistake.

It was created by HTSlib configure 1.22.1, which was
generated by GNU Autoconf 2.72.  Invocation command line was

  $ ./configure --disable-option-checking --prefix=/data/Software --cache-file=/dev/null --srcdir=.

## --------- ##
## Platform. ##
## --------- ##

hostname = Salas
uname -m = x86_64
uname -r = 4.18.0-240.15.1.el8_3.x86_64
uname -s = Linux
uname -v = #1 SMP Mon Mar 1 17:16:16 UTC 2021

/usr/bin/uname -p = x86_64
/bin/uname -X     = unknown

/bin/arch              = x86_64
/usr/bin/arch -k       = unknown
/usr/convex/getsysinfo = unknown
/usr/bin/hostinfo      = unknown
/bin/machine           = unknown
/usr/bin/oslevel       = unknown
/bin/universe          = unknown

PATH: /home/fmartinez/.local/bin/
PATH: /home/fmartinez/bin/
PATH: /usr/share/Modules/bin/
PATH: /usr/local/bin/
PATH: /usr/bin/
PATH: /usr/local/sbin/
PATH: /usr/sbin/
PATH: /var/lib/snapd/snap/bin/
PATH: /home/fmartinez/openlogic-openjdk-8u402-b06-linux-x64/bin/


## ----------- ##
## Core tests. ##
## ----------- ##

configure:2442: looking for aux files: config.guess config.sub
configure:2455:  trying ./
configure:2484:   ./config.guess found
configure:2484:   ./config.sub found
configure:2781: checking for gcc
configure:2802: found /usr/local/bin/gcc
configure:2814: result: gcc
configure:3173: checking for C compiler version
configure:3182: gcc --version >&5
gcc (GCC) 11.4.0
Copyright (C) 2021 Free Software Foundation, Inc.
This is free software; see the source for copying conditions.  There is NO
warranty; not even for MERCHANTABILITY or FITNESS FOR A PARTICULAR PURPOSE.

configure:3193: $? = 0
configure:3182: gcc -v >&5
Using built-in specs.
COLLECT_GCC=gcc
COLLECT_LTO_WRAPPER=/usr/local/libexec/gcc/x86_64-pc-linux-gnu/11.4.0/lto-wrapper
Target: x86_64-pc-linux-gnu
Configured with: ../gcc-11.4.0/configure --enable-languages=c,c++ --disable-multilib
Thread model: posix
Supported LTO compression algorithms: zlib zstd
gcc version 11.4.0 (GCC) 
configure:3193: $? = 0
configure:3182: gcc -V >&5
gcc: error: unrecognized command-line option '-V'
gcc: fatal error: no input files
compilation terminated.
configure:3193: $? = 1
configure:3182: gcc -qversion >&5
gcc: error: unrecognized command-line option '-qversion'; did you mean '--version'?
gcc: fatal error: no input files
compilation terminated.
configure:3193: $? = 1
configure:3182: gcc -version >&5
gcc: error: unrecognized command-line option '-version'
gcc: fatal error: no input files
compilation terminated.
configure:3193: $? = 1
configure:3213: checking whether the C compiler works
configure:3235: gcc    conftest.c  >&5
configure:3239: $? = 0
configure:3290: result: yes
configure:3294: checking for C compiler default output file name
configure:3296: result: a.out
configure:3302: checking for suffix of executables
configure:3309: gcc -o conftest    conftest.c  >&5
configure:3313: $? = 0
configure:3337: result: 
configure:3361: checking whether we are cross compiling
configure:3369: gcc -o conftest    conftest.c  >&5
configure:3373: $? = 0
configure:3380: ./conftest
configure:3384: $? = 0
configure:3399: result: no
configure:3405: checking for suffix of object files
configure:3428: gcc -c   conftest.c >&5
configure:3432: $? = 0
configure:3456: result: o
configure:3460: checking whether the compiler supports GNU C
configure:3480: gcc -c   conftest.c >&5
configure:3480: $? = 0
configure:3492: result: yes
configure:3503: checking whether gcc accepts -g
configure:3524: gcc -c -g  conftest.c >&5
configure:3524: $? = 0
configure:3571: result: yes
configure:3591: checking for gcc option to enable C11 features
configure:3606: gcc  -c -g -O2  conftest.c >&5
configure:3606: $? = 0
configure:3625: result: none needed
configure:3792: checking for ranlib
configure:3813: found /usr/bin/ranlib
configure:3825: result: ranlib
configure:3848: checking for grep that handles long lines and -e
configure:3914: result: /usr/bin/grep
configure:3944: checking for C compiler warning flags
configure:4086: result: -Wall
configure:4196: checking for gcc options needed to detect all undeclared functions
configure:4218: gcc -c  -Wall -g -O2   conftest.c >&5
conftest.c: In function 'main':
conftest.c:13:8: error: 'strchr' undeclared (first use in this function)
   13 | (void) strchr;
      |        ^~~~~~
conftest.c:1:1: note: 'strchr' is defined in header '<string.h>'; did you forget to '#include <string.h>'?
    1 | /* confdefs.h */
conftest.c:13:8: note: each undeclared identifier is reported only once for each function it appears in
   13 | (void) strchr;
      |        ^~~~~~
configure:4218: $? = 1
configure: failed program was:
| /* confdefs.h */
| #define PACKAGE_NAME "HTSlib"
| #define PACKAGE_TARNAME "htslib"
| #define PACKAGE_VERSION "1.22.1"
| #define PACKAGE_STRING "HTSlib 1.22.1"
| #define PACKAGE_BUGREPORT "samtools-help@lists.sourceforge.net"
| #define PACKAGE_URL "http://www.htslib.org/"
| /* end confdefs.h.  */
| 
| int
| main (void)
| {
| (void) strchr;
|   ;
|   return 0;
| }
configure:4245: gcc -c  -Wall -g -O2   conftest.c >&5
configure:4245: $? = 0
configure:4265: result: none needed
configure:4283: checking for stdio.h
configure:4283: gcc -c  -Wall -g -O2  conftest.c >&5
configure:4283: $? = 0
configure:4283: result: yes
configure:4283: checking for stdlib.h
configure:4283: gcc -c  -Wall -g -O2  conftest.c >&5
configure:4283: $? = 0
configure:4283: result: yes
configure:4283: checking for string.h
configure:4283: gcc -c  -Wall -g -O2  conftest.c >&5
configure:4283: $? = 0
configure:4283: result: yes
configure:4283: checking for inttypes.h
configure:4283: gcc -c  -Wall -g -O2  conftest.c >&5
configure:4283: $? = 0
configure:4283: result: yes
configure:4283: checking for stdint.h
configure:4283: gcc -c  -Wall -g -O2  conftest.c >&5
configure:4283: $? = 0
configure:4283: result: yes
configure:4283: checking for strings.h
configure:4283: gcc -c  -Wall -g -O2  conftest.c >&5
configure:4283: $? = 0
configure:4283: result: yes
configure:4283: checking for sys/stat.h
configure:4283: gcc -c  -Wall -g -O2  conftest.c >&5
configure:4283: $? = 0
configure:4283: result: yes
configure:4283: checking for sys/types.h
configure:4283: gcc -c  -Wall -g -O2  conftest.c >&5
configure:4283: $? = 0
configure:4283: result: yes
configure:4283: checking for unistd.h
configure:4283: gcc -c  -Wall -g -O2  conftest.c >&5
configure:4283: $? = 0
configure:4283: result: yes
configure:4283: checking for sys/param.h
configure:4283: gcc -c  -Wall -g -O2  conftest.c >&5
configure:4283: $? = 0
configure:4283: result: yes
configure:4308: checking whether _XOPEN_SOURCE is declared
configure:4308: gcc -c  -Wall -g -O2   conftest.c >&5
conftest.c: In function 'main':
conftest.c:55:10: error: '_XOPEN_SOURCE' undeclared (first use in this function)
   55 |   (void) _XOPEN_SOURCE;
      |          ^~~~~~~~~~~~~
conftest.c:55:10: note: each undeclared identifier is reported only once for each function it appears in
configure:4308: $? = 1
configure: failed program was:
| /* confdefs.h */
| #define PACKAGE_NAME "HTSlib"
| #define PACKAGE_TARNAME "htslib"
| #define PACKAGE_VERSION "1.22.1"
| #define PACKAGE_STRING "HTSlib 1.22.1"
| #define PACKAGE_BUGREPORT "samtools-help@lists.sourceforge.net"
| #define PACKAGE_URL "http://www.htslib.org/"
| #define HAVE_STDIO_H 1
| #define HAVE_STDLIB_H 1
| #define HAVE_STRING_H 1
| #define HAVE_INTTYPES_H 1
| #define HAVE_STDINT_H 1
| #define HAVE_STRINGS_H 1
| #define HAVE_SYS_STAT_H 1
| #define HAVE_SYS_TYPES_H 1
| #define HAVE_UNISTD_H 1
| #define HAVE_SYS_PARAM_H 1
| #define STDC_HEADERS 1
| /* end confdefs.h.  */
| #include <stddef.h>
| #ifdef HAVE_STDIO_H
| # include <stdio.h>
| #endif
| #ifdef HAVE_STDLIB_H
| # include <stdlib.h>
| #endif
| #ifdef HAVE_STRING_H
| # include <string.h>
| #endif
| #ifdef HAVE_INTTYPES_H
| # include <inttypes.h>
| #endif
| #ifdef HAVE_STDINT_H
| # include <stdint.h>
| #endif
| #ifdef HAVE_STRINGS_H
| # include <strings.h>
| #endif
| #ifdef HAVE_SYS_TYPES_H
| # include <sys/types.h>
| #endif
| #ifdef HAVE_SYS_STAT_H
| # include <sys/stat.h>
| #endif
| #ifdef HAVE_UNISTD_H
| # include <unistd.h>
| #endif
| int
| main (void)
| {
| #ifndef _XOPEN_SOURCE
| #ifdef __cplusplus
|   (void) _XOPEN_SOURCE;
| #else
|   (void) _XOPEN_SOURCE;
| #endif
| #endif
| 
|   ;
|   return 0;
| }
configure:4308: result: no
configure:4319: checking whether __get_cpuid_max is declared
configure:4319: gcc -c  -Wall -g -O2   conftest.c >&5
configure:4319: $? = 0
configure:4319: result: yes
configure:4340: checking whether __cpuid_count is declared
configure:4340: gcc -c  -Wall -g -O2   conftest.c >&5
configure:4340: $? = 0
configure:4340: result: yes
configure:4366: checking C compiler flags needed for sse4.1
configure:4394: gcc -o conftest  -Wall -g -O2   conftest.c  >&5
In file included from /usr/local/lib/gcc/x86_64-pc-linux-gnu/11.4.0/include/x86gprintrin.h:71,
                 from /usr/local/lib/gcc/x86_64-pc-linux-gnu/11.4.0/include/x86intrin.h:27,
                 from conftest.c:25:
conftest.c: In function 'main':
/usr/local/lib/gcc/x86_64-pc-linux-gnu/11.4.0/include/popcntintrin.h:35:1: error: inlining failed in call to 'always_inline' '_mm_popcnt_u32': target specific option mismatch
   35 | _mm_popcnt_u32 (unsigned int __X)
      | ^~~~~~~~~~~~~~
conftest.c:35:12: note: called from here
   35 |     return _mm_popcnt_u32(*((char *) &c));
      |            ^~~~~~~~~~~~~~~~~~~~~~~~~~~~~~
In file included from /usr/local/lib/gcc/x86_64-pc-linux-gnu/11.4.0/include/immintrin.h:37,
                 from /usr/local/lib/gcc/x86_64-pc-linux-gnu/11.4.0/include/x86intrin.h:32,
                 from conftest.c:25:
/usr/local/lib/gcc/x86_64-pc-linux-gnu/11.4.0/include/tmmintrin.h:136:1: error: inlining failed in call to 'always_inline' '_mm_shuffle_epi8': target specific option mismatch
  136 | _mm_shuffle_epi8 (__m128i __X, __m128i __Y)
      | ^~~~~~~~~~~~~~~~
conftest.c:34:17: note: called from here
   34 |     __m128i c = _mm_shuffle_epi8(_mm_max_epu32(a, b), b);
      |                 ^~~~~~~~~~~~~~~~~~~~~~~~~~~~~~~~~~~~~~~~
In file included from /usr/local/lib/gcc/x86_64-pc-linux-gnu/11.4.0/include/immintrin.h:39,
                 from /usr/local/lib/gcc/x86_64-pc-linux-gnu/11.4.0/include/x86intrin.h:32,
                 from conftest.c:25:
/usr/local/lib/gcc/x86_64-pc-linux-gnu/11.4.0/include/smmintrin.h:318:1: error: inlining failed in call to 'always_inline' '_mm_max_epu32': target specific option mismatch
  318 | _mm_max_epu32 (__m128i __X, __m128i __Y)
      | ^~~~~~~~~~~~~
conftest.c:34:17: note: called from here
   34 |     __m128i c = _mm_shuffle_epi8(_mm_max_epu32(a, b), b);
      |                 ^~~~~~~~~~~~~~~~~~~~~~~~~~~~~~~~~~~~~~~~
In file included from /usr/local/lib/gcc/x86_64-pc-linux-gnu/11.4.0/include/x86gprintrin.h:71,
                 from /usr/local/lib/gcc/x86_64-pc-linux-gnu/11.4.0/include/x86intrin.h:27,
                 from conftest.c:25:
/usr/local/lib/gcc/x86_64-pc-linux-gnu/11.4.0/include/popcntintrin.h:35:1: error: inlining failed in call to 'always_inline' '_mm_popcnt_u32': target specific option mismatch
   35 | _mm_popcnt_u32 (unsigned int __X)
      | ^~~~~~~~~~~~~~
conftest.c:35:12: note: called from here
   35 |     return _mm_popcnt_u32(*((char *) &c));
      |            ^~~~~~~~~~~~~~~~~~~~~~~~~~~~~~
In file included from /usr/local/lib/gcc/x86_64-pc-linux-gnu/11.4.0/include/immintrin.h:37,
                 from /usr/local/lib/gcc/x86_64-pc-linux-gnu/11.4.0/include/x86intrin.h:32,
                 from conftest.c:25:
/usr/local/lib/gcc/x86_64-pc-linux-gnu/11.4.0/include/tmmintrin.h:136:1: error: inlining failed in call to 'always_inline' '_mm_shuffle_epi8': target specific option mismatch
  136 | _mm_shuffle_epi8 (__m128i __X, __m128i __Y)
      | ^~~~~~~~~~~~~~~~
conftest.c:34:17: note: called from here
   34 |     __m128i c = _mm_shuffle_epi8(_mm_max_epu32(a, b), b);
      |                 ^~~~~~~~~~~~~~~~~~~~~~~~~~~~~~~~~~~~~~~~
In file included from /usr/local/lib/gcc/x86_64-pc-linux-gnu/11.4.0/include/immintrin.h:39,
                 from /usr/local/lib/gcc/x86_64-pc-linux-gnu/11.4.0/include/x86intrin.h:32,
                 from conftest.c:25:
/usr/local/lib/gcc/x86_64-pc-linux-gnu/11.4.0/include/smmintrin.h:318:1: error: inlining failed in call to 'always_inline' '_mm_max_epu32': target specific option mismatch
  318 | _mm_max_epu32 (__m128i __X, __m128i __Y)
      | ^~~~~~~~~~~~~
conftest.c:34:17: note: called from here
   34 |     __m128i c = _mm_shuffle_epi8(_mm_max_epu32(a, b), b);
      |                 ^~~~~~~~~~~~~~~~~~~~~~~~~~~~~~~~~~~~~~~~
configure:4394: $? = 1
configure: failed program was:
| /* confdefs.h */
| #define PACKAGE_NAME "HTSlib"
| #define PACKAGE_TARNAME "htslib"
| #define PACKAGE_VERSION "1.22.1"
| #define PACKAGE_STRING "HTSlib 1.22.1"
| #define PACKAGE_BUGREPORT "samtools-help@lists.sourceforge.net"
| #define PACKAGE_URL "http://www.htslib.org/"
| #define HAVE_STDIO_H 1
| #define HAVE_STDLIB_H 1
| #define HAVE_STRING_H 1
| #define HAVE_INTTYPES_H 1
| #define HAVE_STDINT_H 1
| #define HAVE_STRINGS_H 1
| #define HAVE_SYS_STAT_H 1
| #define HAVE_SYS_TYPES_H 1
| #define HAVE_UNISTD_H 1
| #define HAVE_SYS_PARAM_H 1
| #define STDC_HEADERS 1
| #define _XOPEN_SOURCE 700
| #define HAVE_DECL___GET_CPUID_MAX 1
| #define HAVE_DECL___CPUID_COUNT 1
| /* end confdefs.h.  */
| 
|     #ifdef __x86_64__
|     #include "x86intrin.h"
|     #endif
| 
| int
| main (void)
| {
| 
|     #ifdef __x86_64__
|     __m128i a = _mm_set_epi32(1, 2, 3, 4), b = _mm_set_epi32(4, 3, 2, 1);
|     __m128i c = _mm_shuffle_epi8(_mm_max_epu32(a, b), b);
|     return _mm_popcnt_u32(*((char *) &c));
|     #endif
| 
|   ;
|   return 0;
| }
configure:4421: gcc -o conftest  -Wall -g -O2  -msse4.1 -mssse3 -mpopcnt   conftest.c  >&5
configure:4421: $? = 0
configure:4437: result: -msse4.1 -mssse3 -mpopcnt
configure:4475: checking C compiler flags needed for avx2
configure:4504: gcc -o conftest  -Wall -g -O2   conftest.c  >&5
conftest.c: In function 'main':
conftest.c:37:13: warning: AVX vector return without AVX enabled changes the ABI [-Wpsabi]
   37 |     __m256i a = _mm256_set_epi32(1, 2, 3, 4, 5, 6, 7, 8);
      |             ^
In file included from /usr/local/lib/gcc/x86_64-pc-linux-gnu/11.4.0/include/x86gprintrin.h:71,
                 from /usr/local/lib/gcc/x86_64-pc-linux-gnu/11.4.0/include/x86intrin.h:27,
                 from conftest.c:29:
/usr/local/lib/gcc/x86_64-pc-linux-gnu/11.4.0/include/popcntintrin.h:35:1: error: inlining failed in call to 'always_inline' '_mm_popcnt_u32': target specific option mismatch
   35 | _mm_popcnt_u32 (unsigned int __X)
      | ^~~~~~~~~~~~~~
conftest.c:40:12: note: called from here
   40 |     return _mm_popcnt_u32((int) c);
      |            ^~~~~~~~~~~~~~~~~~~~~~~
In file included from /usr/local/lib/gcc/x86_64-pc-linux-gnu/11.4.0/include/immintrin.h:43,
                 from /usr/local/lib/gcc/x86_64-pc-linux-gnu/11.4.0/include/x86intrin.h:32,
                 from conftest.c:29:
/usr/local/lib/gcc/x86_64-pc-linux-gnu/11.4.0/include/avxintrin.h:558:1: error: inlining failed in call to 'always_inline' '_mm256_extract_epi64': target specific option mismatch
  558 | _mm256_extract_epi64 (__m256i __X, const int __N)
      | ^~~~~~~~~~~~~~~~~~~~
conftest.c:39:19: note: called from here
   39 |     long long c = _mm256_extract_epi64(b, 0);
      |                   ^~~~~~~~~~~~~~~~~~~~~~~~~~
In file included from /usr/local/lib/gcc/x86_64-pc-linux-gnu/11.4.0/include/immintrin.h:47,
                 from /usr/local/lib/gcc/x86_64-pc-linux-gnu/11.4.0/include/x86intrin.h:32,
                 from conftest.c:29:
/usr/local/lib/gcc/x86_64-pc-linux-gnu/11.4.0/include/avx2intrin.h:119:1: error: inlining failed in call to 'always_inline' '_mm256_add_epi32': target specific option mismatch
  119 | _mm256_add_epi32 (__m256i __A, __m256i __B)
      | ^~~~~~~~~~~~~~~~
conftest.c:38:17: note: called from here
   38 |     __m256i b = _mm256_add_epi32(a, a);
      |                 ^~~~~~~~~~~~~~~~~~~~~~
In file included from /usr/local/lib/gcc/x86_64-pc-linux-gnu/11.4.0/include/immintrin.h:43,
                 from /usr/local/lib/gcc/x86_64-pc-linux-gnu/11.4.0/include/x86intrin.h:32,
                 from conftest.c:29:
/usr/local/lib/gcc/x86_64-pc-linux-gnu/11.4.0/include/avxintrin.h:1265:1: error: inlining failed in call to 'always_inline' '_mm256_set_epi32': target specific option mismatch
 1265 | _mm256_set_epi32 (int __A, int __B, int __C, int __D,
      | ^~~~~~~~~~~~~~~~
conftest.c:37:17: note: called from here
   37 |     __m256i a = _mm256_set_epi32(1, 2, 3, 4, 5, 6, 7, 8);
      |                 ^~~~~~~~~~~~~~~~~~~~~~~~~~~~~~~~~~~~~~~~
configure:4504: $? = 1
configure: failed program was:
| /* confdefs.h */
| #define PACKAGE_NAME "HTSlib"
| #define PACKAGE_TARNAME "htslib"
| #define PACKAGE_VERSION "1.22.1"
| #define PACKAGE_STRING "HTSlib 1.22.1"
| #define PACKAGE_BUGREPORT "samtools-help@lists.sourceforge.net"
| #define PACKAGE_URL "http://www.htslib.org/"
| #define HAVE_STDIO_H 1
| #define HAVE_STDLIB_H 1
| #define HAVE_STRING_H 1
| #define HAVE_INTTYPES_H 1
| #define HAVE_STDINT_H 1
| #define HAVE_STRINGS_H 1
| #define HAVE_SYS_STAT_H 1
| #define HAVE_SYS_TYPES_H 1
| #define HAVE_UNISTD_H 1
| #define HAVE_SYS_PARAM_H 1
| #define STDC_HEADERS 1
| #define _XOPEN_SOURCE 700
| #define HAVE_DECL___GET_CPUID_MAX 1
| #define HAVE_DECL___CPUID_COUNT 1
| #define HAVE_SSSE3 1
| #define HAVE_POPCNT 1
| #define HAVE_SSE4_1 1
| #define UBSAN 1
| /* end confdefs.h.  */
| 
|     #ifdef __x86_64__
|     #include "x86intrin.h"
|     #endif
| 
| int
| main (void)
| {
| 
|     #ifdef __x86_64__
|     __m256i a = _mm256_set_epi32(1, 2, 3, 4, 5, 6, 7, 8);
|     __m256i b = _mm256_add_epi32(a, a);
|     long long c = _mm256_extract_epi64(b, 0);
|     return _mm_popcnt_u32((int) c);
|     #endif
| 
|   ;
|   return 0;
| }
configure:4532: gcc -o conftest  -Wall -g -O2  -mavx2 -mpopcnt   conftest.c  >&5
configure:4532: $? = 0
configure:4548: result: -mavx2 -mpopcnt
configure:4579: checking C compiler flags needed for avx512f
configure:4609: gcc -o conftest  -Wall -g -O2   conftest.c  >&5
conftest.c: In function 'main':
conftest.c:39:13: warning: AVX512F vector return without AVX512F enabled changes the ABI [-Wpsabi]
   39 |     __m512i a = _mm512_set1_epi32(1);
      |             ^
conftest.c:41:13: warning: AVX vector return without AVX enabled changes the ABI [-Wpsabi]
   41 |     __m256i c = _mm512_castsi512_si256(b);
      |             ^
In file included from /usr/local/lib/gcc/x86_64-pc-linux-gnu/11.4.0/include/x86gprintrin.h:71,
                 from /usr/local/lib/gcc/x86_64-pc-linux-gnu/11.4.0/include/x86intrin.h:27,
                 from conftest.c:31:
/usr/local/lib/gcc/x86_64-pc-linux-gnu/11.4.0/include/popcntintrin.h:35:1: error: inlining failed in call to 'always_inline' '_mm_popcnt_u32': target specific option mismatch
   35 | _mm_popcnt_u32 (unsigned int __X)
      | ^~~~~~~~~~~~~~
conftest.c:43:12: note: called from here
   43 |     return _mm_popcnt_u32(*((char *) &c)) + (*(char *) &d);
      |            ^~~~~~~~~~~~~~~~~~~~~~~~~~~~~~
In file included from /usr/local/lib/gcc/x86_64-pc-linux-gnu/11.4.0/include/immintrin.h:49,
                 from /usr/local/lib/gcc/x86_64-pc-linux-gnu/11.4.0/include/x86intrin.h:32,
                 from conftest.c:31:
/usr/local/lib/gcc/x86_64-pc-linux-gnu/11.4.0/include/avx512fintrin.h:5968:1: error: inlining failed in call to 'always_inline' '_mm512_extracti64x4_epi64': target specific option mismatch
 5968 | _mm512_extracti64x4_epi64 (__m512i __A, const int __imm)
      | ^~~~~~~~~~~~~~~~~~~~~~~~~
conftest.c:42:17: note: called from here
   42 |     __m256i d = _mm512_extracti64x4_epi64(a, 1);
      |                 ^~~~~~~~~~~~~~~~~~~~~~~~~~~~~~~
In file included from /usr/local/lib/gcc/x86_64-pc-linux-gnu/11.4.0/include/immintrin.h:49,
                 from /usr/local/lib/gcc/x86_64-pc-linux-gnu/11.4.0/include/x86intrin.h:32,
                 from conftest.c:31:
/usr/local/lib/gcc/x86_64-pc-linux-gnu/11.4.0/include/avx512fintrin.h:15806:1: error: inlining failed in call to 'always_inline' '_mm512_castsi512_si256': target specific option mismatch
15806 | _mm512_castsi512_si256 (__m512i __A)
      | ^~~~~~~~~~~~~~~~~~~~~~
conftest.c:41:17: note: called from here
   41 |     __m256i c = _mm512_castsi512_si256(b);
      |                 ^~~~~~~~~~~~~~~~~~~~~~~~~
In file included from /usr/local/lib/gcc/x86_64-pc-linux-gnu/11.4.0/include/immintrin.h:49,
                 from /usr/local/lib/gcc/x86_64-pc-linux-gnu/11.4.0/include/x86intrin.h:32,
                 from conftest.c:31:
/usr/local/lib/gcc/x86_64-pc-linux-gnu/11.4.0/include/avx512fintrin.h:884:1: error: inlining failed in call to 'always_inline' '_mm512_add_epi32': target specific option mismatch
  884 | _mm512_add_epi32 (__m512i __A, __m512i __B)
      | ^~~~~~~~~~~~~~~~
conftest.c:40:17: note: called from here
   40 |     __m512i b = _mm512_add_epi32(a, a);
      |                 ^~~~~~~~~~~~~~~~~~~~~~
In file included from /usr/local/lib/gcc/x86_64-pc-linux-gnu/11.4.0/include/immintrin.h:49,
                 from /usr/local/lib/gcc/x86_64-pc-linux-gnu/11.4.0/include/x86intrin.h:32,
                 from conftest.c:31:
/usr/local/lib/gcc/x86_64-pc-linux-gnu/11.4.0/include/avx512fintrin.h:4128:1: error: inlining failed in call to 'always_inline' '_mm512_set1_epi32': target specific option mismatch
 4128 | _mm512_set1_epi32 (int __A)
      | ^~~~~~~~~~~~~~~~~
conftest.c:39:17: note: called from here
   39 |     __m512i a = _mm512_set1_epi32(1);
      |                 ^~~~~~~~~~~~~~~~~~~~
configure:4609: $? = 1
configure: failed program was:
| /* confdefs.h */
| #define PACKAGE_NAME "HTSlib"
| #define PACKAGE_TARNAME "htslib"
| #define PACKAGE_VERSION "1.22.1"
| #define PACKAGE_STRING "HTSlib 1.22.1"
| #define PACKAGE_BUGREPORT "samtools-help@lists.sourceforge.net"
| #define PACKAGE_URL "http://www.htslib.org/"
| #define HAVE_STDIO_H 1
| #define HAVE_STDLIB_H 1
| #define HAVE_STRING_H 1
| #define HAVE_INTTYPES_H 1
| #define HAVE_STDINT_H 1
| #define HAVE_STRINGS_H 1
| #define HAVE_SYS_STAT_H 1
| #define HAVE_SYS_TYPES_H 1
| #define HAVE_UNISTD_H 1
| #define HAVE_SYS_PARAM_H 1
| #define STDC_HEADERS 1
| #define _XOPEN_SOURCE 700
| #define HAVE_DECL___GET_CPUID_MAX 1
| #define HAVE_DECL___CPUID_COUNT 1
| #define HAVE_SSSE3 1
| #define HAVE_POPCNT 1
| #define HAVE_SSE4_1 1
| #define UBSAN 1
| #define HAVE_POPCNT 1
| #define HAVE_AVX2 1
| /* end confdefs.h.  */
| 
|     #ifdef __x86_64__
|     #include "x86intrin.h"
|     #endif
| 
| int
| main (void)
| {
| 
|     #ifdef __x86_64__
|     __m512i a = _mm512_set1_epi32(1);
|     __m512i b = _mm512_add_epi32(a, a);
|     __m256i c = _mm512_castsi512_si256(b);
|     __m256i d = _mm512_extracti64x4_epi64(a, 1);
|     return _mm_popcnt_u32(*((char *) &c)) + (*(char *) &d);
|     #endif
| 
|   ;
|   return 0;
| }
configure:4638: gcc -o conftest  -Wall -g -O2  -mavx512f -mpopcnt   conftest.c  >&5
configure:4638: $? = 0
configure:4654: result: -mavx512f -mpopcnt
configure:4685: checking for working __builtin_cpu_supports("ssse3")
configure:4702: gcc -o conftest  -Wall -g -O2   conftest.c  >&5
configure:4702: $? = 0
configure:4705: result: yes
configure:4721: checking for working __attribute__((target("ssse3")))
configure:4747: gcc -c  -Wall -g -O2  conftest.c >&5
configure:4747: $? = 0
configure:4750: result: yes
configure:4827: checking for pkg-config
configure:4850: found /usr/bin/pkg-config
configure:4863: result: /usr/bin/pkg-config
configure:4888: checking pkg-config is at least version 0.9.0
configure:4891: result: yes
configure:4943: checking for gcc option to enable large file support
configure:4978: gcc -c  -Wall -g -O2  conftest.c >&5
configure:4978: $? = 0
configure:4984: gcc -DFTYPE=ino_t -c  -Wall -g -O2  conftest.c >&5
configure:4984: $? = 0
configure:5009: result: none needed
configure:5228: checking shared library type for unknown-Linux
configure:5258: result: plain .so
configure:5264: checking whether the linker supports versioned symbols
configure:5284: gcc -o conftest  -Wall -g -O2  -Wl,-version-script,./htslib.map  conftest.c  >&5
configure:5284: $? = 0
configure:5297: result: yes
configure:5316: checking whether the compiler accepts -fvisibility=hidden
configure:5337: gcc -o conftest  -Wall -g -O2 -fvisibility=hidden   -fvisibility=hidden conftest.c  >&5
configure:5337: $? = 0
configure:5354: result: yes
configure:5417: checking build system type
configure:5433: result: x86_64-pc-linux-gnu
configure:5453: checking host system type
configure:5468: result: x86_64-pc-linux-gnu
configure:5493: checking for getpagesize
configure:5493: gcc -o conftest  -Wall -g -O2 -fvisibility=hidden   -fvisibility=hidden conftest.c  >&5
configure:5493: $? = 0
configure:5493: result: yes
configure:5504: checking for working mmap
configure:5654: gcc -o conftest  -Wall -g -O2 -fvisibility=hidden   -fvisibility=hidden conftest.c  >&5
configure:5654: $? = 0
configure:5654: ./conftest
configure:5654: $? = 0
configure:5668: result: yes
configure:5677: checking for gmtime_r
configure:5677: gcc -o conftest  -Wall -g -O2 -fvisibility=hidden   -fvisibility=hidden conftest.c  >&5
configure:5677: $? = 0
configure:5677: result: yes
configure:5683: checking for fsync
configure:5683: gcc -o conftest  -Wall -g -O2 -fvisibility=hidden   -fvisibility=hidden conftest.c  >&5
configure:5683: $? = 0
configure:5683: result: yes
configure:5689: checking for drand48
configure:5689: gcc -o conftest  -Wall -g -O2 -fvisibility=hidden   -fvisibility=hidden conftest.c  >&5
configure:5689: $? = 0
configure:5689: result: yes
configure:5695: checking for srand48_deterministic
configure:5695: gcc -o conftest  -Wall -g -O2 -fvisibility=hidden   -fvisibility=hidden conftest.c  >&5
/usr/bin/ld: Dwarf Error: Can't find .debug_ranges section.
/tmp/ccmdoCrp.o: In function `main':
conftest.c:(.text.startup+0x5): undefined reference to `srand48_deterministic'
collect2: error: ld returned 1 exit status
configure:5695: $? = 1
configure: failed program was:
| /* confdefs.h */
| #define PACKAGE_NAME "HTSlib"
| #define PACKAGE_TARNAME "htslib"
| #define PACKAGE_VERSION "1.22.1"
| #define PACKAGE_STRING "HTSlib 1.22.1"
| #define PACKAGE_BUGREPORT "samtools-help@lists.sourceforge.net"
| #define PACKAGE_URL "http://www.htslib.org/"
| #define HAVE_STDIO_H 1
| #define HAVE_STDLIB_H 1
| #define HAVE_STRING_H 1
| #define HAVE_INTTYPES_H 1
| #define HAVE_STDINT_H 1
| #define HAVE_STRINGS_H 1
| #define HAVE_SYS_STAT_H 1
| #define HAVE_SYS_TYPES_H 1
| #define HAVE_UNISTD_H 1
| #define HAVE_SYS_PARAM_H 1
| #define STDC_HEADERS 1
| #define _XOPEN_SOURCE 700
| #define HAVE_DECL___GET_CPUID_MAX 1
| #define HAVE_DECL___CPUID_COUNT 1
| #define HAVE_SSSE3 1
| #define HAVE_POPCNT 1
| #define HAVE_SSE4_1 1
| #define UBSAN 1
| #define HAVE_POPCNT 1
| #define HAVE_AVX2 1
| #define HAVE_POPCNT 1
| #define HAVE_AVX512 1
| #define HAVE_BUILTIN_CPU_SUPPORT_SSSE3 1
| #define HAVE_ATTRIBUTE_TARGET_SSSE3 1
| #define HAVE_GETPAGESIZE 1
| #define HAVE_MMAP 1
| #define HAVE_GMTIME_R 1
| #define HAVE_FSYNC 1
| #define HAVE_DRAND48 1
| /* end confdefs.h.  */
| /* Define srand48_deterministic to an innocuous variant, in case <limits.h> declares srand48_deterministic.
|    For example, HP-UX 11i <limits.h> declares gettimeofday.  */
| #define srand48_deterministic innocuous_srand48_deterministic
| 
| /* System header to define __stub macros and hopefully few prototypes,
|    which can conflict with char srand48_deterministic (void); below.  */
| 
| #include <limits.h>
| #undef srand48_deterministic
| 
| /* Override any GCC internal prototype to avoid an error.
|    Use char because int might match the return type of a GCC
|    builtin and then its argument prototype would still apply.  */
| #ifdef __cplusplus
| extern "C"
| #endif
| char srand48_deterministic (void);
| /* The GNU C library defines this for functions which it implements
|     to always fail with ENOSYS.  Some functions are actually named
|     something starting with __ and the normal name is an alias.  */
| #if defined __stub_srand48_deterministic || defined __stub___srand48_deterministic
| choke me
| #endif
| 
| int
| main (void)
| {
| return srand48_deterministic ();
|   ;
|   return 0;
| }
configure:5695: result: no
configure:5701: checking for getauxval
configure:5701: gcc -o conftest  -Wall -g -O2 -fvisibility=hidden   -fvisibility=hidden conftest.c  >&5
configure:5701: $? = 0
configure:5701: result: yes
configure:5707: checking for elf_aux_info
configure:5707: gcc -o conftest  -Wall -g -O2 -fvisibility=hidden   -fvisibility=hidden conftest.c  >&5
/usr/bin/ld: Dwarf Error: Can't find .debug_ranges section.
/tmp/cc2al0Sn.o: In function `main':
conftest.c:(.text.startup+0x5): undefined reference to `elf_aux_info'
collect2: error: ld returned 1 exit status
configure:5707: $? = 1
configure: failed program was:
| /* confdefs.h */
| #define PACKAGE_NAME "HTSlib"
| #define PACKAGE_TARNAME "htslib"
| #define PACKAGE_VERSION "1.22.1"
| #define PACKAGE_STRING "HTSlib 1.22.1"
| #define PACKAGE_BUGREPORT "samtools-help@lists.sourceforge.net"
| #define PACKAGE_URL "http://www.htslib.org/"
| #define HAVE_STDIO_H 1
| #define HAVE_STDLIB_H 1
| #define HAVE_STRING_H 1
| #define HAVE_INTTYPES_H 1
| #define HAVE_STDINT_H 1
| #define HAVE_STRINGS_H 1
| #define HAVE_SYS_STAT_H 1
| #define HAVE_SYS_TYPES_H 1
| #define HAVE_UNISTD_H 1
| #define HAVE_SYS_PARAM_H 1
| #define STDC_HEADERS 1
| #define _XOPEN_SOURCE 700
| #define HAVE_DECL___GET_CPUID_MAX 1
| #define HAVE_DECL___CPUID_COUNT 1
| #define HAVE_SSSE3 1
| #define HAVE_POPCNT 1
| #define HAVE_SSE4_1 1
| #define UBSAN 1
| #define HAVE_POPCNT 1
| #define HAVE_AVX2 1
| #define HAVE_POPCNT 1
| #define HAVE_AVX512 1
| #define HAVE_BUILTIN_CPU_SUPPORT_SSSE3 1
| #define HAVE_ATTRIBUTE_TARGET_SSSE3 1
| #define HAVE_GETPAGESIZE 1
| #define HAVE_MMAP 1
| #define HAVE_GMTIME_R 1
| #define HAVE_FSYNC 1
| #define HAVE_DRAND48 1
| #define HAVE_GETAUXVAL 1
| /* end confdefs.h.  */
| /* Define elf_aux_info to an innocuous variant, in case <limits.h> declares elf_aux_info.
|    For example, HP-UX 11i <limits.h> declares gettimeofday.  */
| #define elf_aux_info innocuous_elf_aux_info
| 
| /* System header to define __stub macros and hopefully few prototypes,
|    which can conflict with char elf_aux_info (void); below.  */
| 
| #include <limits.h>
| #undef elf_aux_info
| 
| /* Override any GCC internal prototype to avoid an error.
|    Use char because int might match the return type of a GCC
|    builtin and then its argument prototype would still apply.  */
| #ifdef __cplusplus
| extern "C"
| #endif
| char elf_aux_info (void);
| /* The GNU C library defines this for functions which it implements
|     to always fail with ENOSYS.  Some functions are actually named
|     something starting with __ and the normal name is an alias.  */
| #if defined __stub_elf_aux_info || defined __stub___elf_aux_info
| choke me
| #endif
| 
| int
| main (void)
| {
| return elf_aux_info ();
|   ;
|   return 0;
| }
configure:5707: result: no
configure:5713: checking for posix_memalign
configure:5713: gcc -o conftest  -Wall -g -O2 -fvisibility=hidden   -fvisibility=hidden conftest.c  >&5
conftest.c:55:6: warning: conflicting types for built-in function 'posix_memalign'; expected 'int(void **, long unsigned int,  long unsigned int)' [-Wbuiltin-declaration-mismatch]
   55 | char posix_memalign (void);
      |      ^~~~~~~~~~~~~~
configure:5713: $? = 0
configure:5713: result: yes
configure:5723: checking whether fdatasync is declared
configure:5723: gcc -c  -Wall -g -O2 -fvisibility=hidden   conftest.c >&5
configure:5723: $? = 0
configure:5723: result: yes
configure:5726: checking for fdatasync
configure:5726: gcc -o conftest  -Wall -g -O2 -fvisibility=hidden   -fvisibility=hidden conftest.c  >&5
configure:5726: $? = 0
configure:5726: result: yes
configure:5735: checking for __attribute__((constructor))
configure:5750: gcc -o conftest  -Wall -g -O2 -fvisibility=hidden   -fvisibility=hidden conftest.c  >&5
configure:5750: $? = 0
configure:5753: result: yes
configure:5767: checking for clock_gettime with CLOCK_PROCESS_CPUTIME_ID
configure:5783: gcc -o conftest  -Wall -g -O2 -fvisibility=hidden   -fvisibility=hidden conftest.c  >&5
configure:5783: $? = 0
configure:5786: result: yes
configure:5939: checking for library containing log
configure:5975: gcc -o conftest  -Wall -g -O2 -fvisibility=hidden   -fvisibility=hidden conftest.c  >&5
conftest.c:53:6: warning: conflicting types for built-in function 'log'; expected 'double(double)' [-Wbuiltin-declaration-mismatch]
   53 | char log (void);
      |      ^~~
conftest.c:1:1: note: 'log' is declared in header '<math.h>'
    1 | /* confdefs.h */
/usr/bin/ld: Dwarf Error: Can't find .debug_ranges section.
/tmp/ccTzxGs9.o: In function `main':
conftest.c:(.text.startup+0x5): undefined reference to `log'
collect2: error: ld returned 1 exit status
configure:5975: $? = 1
configure: failed program was:
| /* confdefs.h */
| #define PACKAGE_NAME "HTSlib"
| #define PACKAGE_TARNAME "htslib"
| #define PACKAGE_VERSION "1.22.1"
| #define PACKAGE_STRING "HTSlib 1.22.1"
| #define PACKAGE_BUGREPORT "samtools-help@lists.sourceforge.net"
| #define PACKAGE_URL "http://www.htslib.org/"
| #define HAVE_STDIO_H 1
| #define HAVE_STDLIB_H 1
| #define HAVE_STRING_H 1
| #define HAVE_INTTYPES_H 1
| #define HAVE_STDINT_H 1
| #define HAVE_STRINGS_H 1
| #define HAVE_SYS_STAT_H 1
| #define HAVE_SYS_TYPES_H 1
| #define HAVE_UNISTD_H 1
| #define HAVE_SYS_PARAM_H 1
| #define STDC_HEADERS 1
| #define _XOPEN_SOURCE 700
| #define HAVE_DECL___GET_CPUID_MAX 1
| #define HAVE_DECL___CPUID_COUNT 1
| #define HAVE_SSSE3 1
| #define HAVE_POPCNT 1
| #define HAVE_SSE4_1 1
| #define UBSAN 1
| #define HAVE_POPCNT 1
| #define HAVE_AVX2 1
| #define HAVE_POPCNT 1
| #define HAVE_AVX512 1
| #define HAVE_BUILTIN_CPU_SUPPORT_SSSE3 1
| #define HAVE_ATTRIBUTE_TARGET_SSSE3 1
| #define HAVE_GETPAGESIZE 1
| #define HAVE_MMAP 1
| #define HAVE_GMTIME_R 1
| #define HAVE_FSYNC 1
| #define HAVE_DRAND48 1
| #define HAVE_GETAUXVAL 1
| #define HAVE_POSIX_MEMALIGN 1
| #define HAVE_FDATASYNC 1
| #define HAVE_ATTRIBUTE_CONSTRUCTOR 1
| #define HAVE_CLOCK_GETTIME_CPUTIME 1
| /* end confdefs.h.  */
| 
| /* Override any GCC internal prototype to avoid an error.
|    Use char because int might match the return type of a GCC
|    builtin and then its argument prototype would still apply.
|    The 'extern "C"' is for builds by C++ compilers;
|    although this is not generally supported in C code supporting it here
|    has little cost and some practical benefit (sr 110532).  */
| #ifdef __cplusplus
| extern "C"
| #endif
| char log (void);
| int
| main (void)
| {
| return log ();
|   ;
|   return 0;
| }
configure:5975: gcc -o conftest  -Wall -g -O2 -fvisibility=hidden   -fvisibility=hidden conftest.c -lm   >&5
conftest.c:53:6: warning: conflicting types for built-in function 'log'; expected 'double(double)' [-Wbuiltin-declaration-mismatch]
   53 | char log (void);
      |      ^~~
conftest.c:1:1: note: 'log' is declared in header '<math.h>'
    1 | /* confdefs.h */
configure:5975: $? = 0
configure:5997: result: -lm
configure:6019: checking for zlib.h
configure:6019: gcc -c  -Wall -g -O2 -fvisibility=hidden  conftest.c >&5
configure:6019: $? = 0
configure:6019: result: yes
configure:6029: checking for inflate in -lz
configure:6058: gcc -o conftest  -Wall -g -O2 -fvisibility=hidden   -fvisibility=hidden conftest.c -lz  -lm  >&5
configure:6058: $? = 0
configure:6070: result: yes
configure:6101: checking for library containing recv
configure:6137: gcc -o conftest  -Wall -g -O2 -fvisibility=hidden   -fvisibility=hidden conftest.c -lz -lm  >&5
configure:6137: $? = 0
configure:6159: result: none required
configure:6209: checking for bzlib.h
configure:6209: gcc -c  -Wall -g -O2 -fvisibility=hidden  conftest.c >&5
configure:6209: $? = 0
configure:6209: result: yes
configure:6219: checking for BZ2_bzBuffToBuffCompress in -lbz2
configure:6248: gcc -o conftest  -Wall -g -O2 -fvisibility=hidden   -fvisibility=hidden conftest.c -lbz2  -lz -lm  >&5
configure:6248: $? = 0
configure:6260: result: yes
configure:6304: checking for lzma.h
configure:6304: gcc -c  -Wall -g -O2 -fvisibility=hidden  conftest.c >&5
configure:6304: $? = 0
configure:6304: result: yes
configure:6316: checking for lzma_easy_buffer_encode in -llzma
configure:6345: gcc -o conftest  -Wall -g -O2 -fvisibility=hidden   -fvisibility=hidden conftest.c -llzma  -lbz2 -lz -lm  >&5
configure:6345: $? = 0
configure:6357: result: yes
configure:6483: checking whether htscodecs files are present
configure:6487: result: yes
configure:6530: checking for libdeflate.h
configure:6530: gcc -c  -Wall -g -O2 -fvisibility=hidden  conftest.c >&5
conftest.c:49:10: fatal error: libdeflate.h: No such file or directory
   49 | #include <libdeflate.h>
      |          ^~~~~~~~~~~~~~
compilation terminated.
configure:6530: $? = 1
configure: failed program was:
| /* confdefs.h */
| #define PACKAGE_NAME "HTSlib"
| #define PACKAGE_TARNAME "htslib"
| #define PACKAGE_VERSION "1.22.1"
| #define PACKAGE_STRING "HTSlib 1.22.1"
| #define PACKAGE_BUGREPORT "samtools-help@lists.sourceforge.net"
| #define PACKAGE_URL "http://www.htslib.org/"
| #define HAVE_STDIO_H 1
| #define HAVE_STDLIB_H 1
| #define HAVE_STRING_H 1
| #define HAVE_INTTYPES_H 1
| #define HAVE_STDINT_H 1
| #define HAVE_STRINGS_H 1
| #define HAVE_SYS_STAT_H 1
| #define HAVE_SYS_TYPES_H 1
| #define HAVE_UNISTD_H 1
| #define HAVE_SYS_PARAM_H 1
| #define STDC_HEADERS 1
| #define _XOPEN_SOURCE 700
| #define HAVE_DECL___GET_CPUID_MAX 1
| #define HAVE_DECL___CPUID_COUNT 1
| #define HAVE_SSSE3 1
| #define HAVE_POPCNT 1
| #define HAVE_SSE4_1 1
| #define UBSAN 1
| #define HAVE_POPCNT 1
| #define HAVE_AVX2 1
| #define HAVE_POPCNT 1
| #define HAVE_AVX512 1
| #define HAVE_BUILTIN_CPU_SUPPORT_SSSE3 1
| #define HAVE_ATTRIBUTE_TARGET_SSSE3 1
| #define HAVE_GETPAGESIZE 1
| #define HAVE_MMAP 1
| #define HAVE_GMTIME_R 1
| #define HAVE_FSYNC 1
| #define HAVE_DRAND48 1
| #define HAVE_GETAUXVAL 1
| #define HAVE_POSIX_MEMALIGN 1
| #define HAVE_FDATASYNC 1
| #define HAVE_ATTRIBUTE_CONSTRUCTOR 1
| #define HAVE_CLOCK_GETTIME_CPUTIME 1
| #define HAVE_LIBZ 1
| #define HAVE_LIBBZ2 1
| #define HAVE_LZMA_H 1
| #define HAVE_LIBLZMA 1
| /* end confdefs.h.  */
| ;
| 
| #include <libdeflate.h>
configure:6530: result: no
configure:6540: checking for libdeflate_deflate_compress in -ldeflate
configure:6569: gcc -o conftest  -Wall -g -O2 -fvisibility=hidden   -fvisibility=hidden conftest.c -ldeflate  -llzma -lbz2 -lz -lm  >&5
/usr/bin/ld: cannot find -ldeflate
collect2: error: ld returned 1 exit status
configure:6569: $? = 1
configure: failed program was:
| /* confdefs.h */
| #define PACKAGE_NAME "HTSlib"
| #define PACKAGE_TARNAME "htslib"
| #define PACKAGE_VERSION "1.22.1"
| #define PACKAGE_STRING "HTSlib 1.22.1"
| #define PACKAGE_BUGREPORT "samtools-help@lists.sourceforge.net"
| #define PACKAGE_URL "http://www.htslib.org/"
| #define HAVE_STDIO_H 1
| #define HAVE_STDLIB_H 1
| #define HAVE_STRING_H 1
| #define HAVE_INTTYPES_H 1
| #define HAVE_STDINT_H 1
| #define HAVE_STRINGS_H 1
| #define HAVE_SYS_STAT_H 1
| #define HAVE_SYS_TYPES_H 1
| #define HAVE_UNISTD_H 1
| #define HAVE_SYS_PARAM_H 1
| #define STDC_HEADERS 1
| #define _XOPEN_SOURCE 700
| #define HAVE_DECL___GET_CPUID_MAX 1
| #define HAVE_DECL___CPUID_COUNT 1
| #define HAVE_SSSE3 1
| #define HAVE_POPCNT 1
| #define HAVE_SSE4_1 1
| #define UBSAN 1
| #define HAVE_POPCNT 1
| #define HAVE_AVX2 1
| #define HAVE_POPCNT 1
| #define HAVE_AVX512 1
| #define HAVE_BUILTIN_CPU_SUPPORT_SSSE3 1
| #define HAVE_ATTRIBUTE_TARGET_SSSE3 1
| #define HAVE_GETPAGESIZE 1
| #define HAVE_MMAP 1
| #define HAVE_GMTIME_R 1
| #define HAVE_FSYNC 1
| #define HAVE_DRAND48 1
| #define HAVE_GETAUXVAL 1
| #define HAVE_POSIX_MEMALIGN 1
| #define HAVE_FDATASYNC 1
| #define HAVE_ATTRIBUTE_CONSTRUCTOR 1
| #define HAVE_CLOCK_GETTIME_CPUTIME 1
| #define HAVE_LIBZ 1
| #define HAVE_LIBBZ2 1
| #define HAVE_LZMA_H 1
| #define HAVE_LIBLZMA 1
| /* end confdefs.h.  */
| 
| /* Override any GCC internal prototype to avoid an error.
|    Use char because int might match the return type of a GCC
|    builtin and then its argument prototype would still apply.
|    The 'extern "C"' is for builds by C++ compilers;
|    although this is not generally supported in C code supporting it here
|    has little cost and some practical benefit (sr 110532).  */
| #ifdef __cplusplus
| extern "C"
| #endif
| char libdeflate_deflate_compress (void);
| int
| main (void)
| {
| return libdeflate_deflate_compress ();
|   ;
|   return 0;
| }
configure:6581: result: no
configure:6625: checking for curl/curl.h
configure:6625: gcc -c  -Wall -g -O2 -fvisibility=hidden  conftest.c >&5
configure:6625: $? = 0
configure:6625: result: yes
configure:6635: checking for curl_easy_pause in -lcurl
configure:6664: gcc -o conftest  -Wall -g -O2 -fvisibility=hidden   -fvisibility=hidden conftest.c -lcurl  -llzma -lbz2 -lz -lm  >&5
configure:6664: $? = 0
configure:6676: result: yes
configure:6822: checking for CCHmac
configure:6822: gcc -o conftest  -Wall -g -O2 -fvisibility=hidden   -fvisibility=hidden conftest.c -llzma -lbz2 -lz -lm  >&5
/usr/bin/ld: Dwarf Error: Can't find .debug_ranges section.
/tmp/ccp6c8z7.o: In function `main':
conftest.c:(.text.startup+0x5): undefined reference to `CCHmac'
collect2: error: ld returned 1 exit status
configure:6822: $? = 1
configure: failed program was:
| /* confdefs.h */
| #define PACKAGE_NAME "HTSlib"
| #define PACKAGE_TARNAME "htslib"
| #define PACKAGE_VERSION "1.22.1"
| #define PACKAGE_STRING "HTSlib 1.22.1"
| #define PACKAGE_BUGREPORT "samtools-help@lists.sourceforge.net"
| #define PACKAGE_URL "http://www.htslib.org/"
| #define HAVE_STDIO_H 1
| #define HAVE_STDLIB_H 1
| #define HAVE_STRING_H 1
| #define HAVE_INTTYPES_H 1
| #define HAVE_STDINT_H 1
| #define HAVE_STRINGS_H 1
| #define HAVE_SYS_STAT_H 1
| #define HAVE_SYS_TYPES_H 1
| #define HAVE_UNISTD_H 1
| #define HAVE_SYS_PARAM_H 1
| #define STDC_HEADERS 1
| #define _XOPEN_SOURCE 700
| #define HAVE_DECL___GET_CPUID_MAX 1
| #define HAVE_DECL___CPUID_COUNT 1
| #define HAVE_SSSE3 1
| #define HAVE_POPCNT 1
| #define HAVE_SSE4_1 1
| #define UBSAN 1
| #define HAVE_POPCNT 1
| #define HAVE_AVX2 1
| #define HAVE_POPCNT 1
| #define HAVE_AVX512 1
| #define HAVE_BUILTIN_CPU_SUPPORT_SSSE3 1
| #define HAVE_ATTRIBUTE_TARGET_SSSE3 1
| #define HAVE_GETPAGESIZE 1
| #define HAVE_MMAP 1
| #define HAVE_GMTIME_R 1
| #define HAVE_FSYNC 1
| #define HAVE_DRAND48 1
| #define HAVE_GETAUXVAL 1
| #define HAVE_POSIX_MEMALIGN 1
| #define HAVE_FDATASYNC 1
| #define HAVE_ATTRIBUTE_CONSTRUCTOR 1
| #define HAVE_CLOCK_GETTIME_CPUTIME 1
| #define HAVE_LIBZ 1
| #define HAVE_LIBBZ2 1
| #define HAVE_LZMA_H 1
| #define HAVE_LIBLZMA 1
| #define HAVE_LIBCURL 1
| #define ENABLE_GCS 1
| /* end confdefs.h.  */
| /* Define CCHmac to an innocuous variant, in case <limits.h> declares CCHmac.
|    For example, HP-UX 11i <limits.h> declares gettimeofday.  */
| #define CCHmac innocuous_CCHmac
| 
| /* System header to define __stub macros and hopefully few prototypes,
|    which can conflict with char CCHmac (void); below.  */
| 
| #include <limits.h>
| #undef CCHmac
| 
| /* Override any GCC internal prototype to avoid an error.
|    Use char because int might match the return type of a GCC
|    builtin and then its argument prototype would still apply.  */
| #ifdef __cplusplus
| extern "C"
| #endif
| char CCHmac (void);
| /* The GNU C library defines this for functions which it implements
|     to always fail with ENOSYS.  Some functions are actually named
|     something starting with __ and the normal name is an alias.  */
| #if defined __stub_CCHmac || defined __stub___CCHmac
| choke me
| #endif
| 
| int
| main (void)
| {
| return CCHmac ();
|   ;
|   return 0;
| }
configure:6822: result: no
configure:6830: checking for library containing HMAC
configure:6866: gcc -o conftest  -Wall -g -O2 -fvisibility=hidden   -fvisibility=hidden conftest.c -llzma -lbz2 -lz -lm  >&5
/usr/bin/ld: Dwarf Error: Can't find .debug_ranges section.
/tmp/ccP9EQJ7.o: In function `main':
conftest.c:(.text.startup+0x5): undefined reference to `HMAC'
collect2: error: ld returned 1 exit status
configure:6866: $? = 1
configure: failed program was:
| /* confdefs.h */
| #define PACKAGE_NAME "HTSlib"
| #define PACKAGE_TARNAME "htslib"
| #define PACKAGE_VERSION "1.22.1"
| #define PACKAGE_STRING "HTSlib 1.22.1"
| #define PACKAGE_BUGREPORT "samtools-help@lists.sourceforge.net"
| #define PACKAGE_URL "http://www.htslib.org/"
| #define HAVE_STDIO_H 1
| #define HAVE_STDLIB_H 1
| #define HAVE_STRING_H 1
| #define HAVE_INTTYPES_H 1
| #define HAVE_STDINT_H 1
| #define HAVE_STRINGS_H 1
| #define HAVE_SYS_STAT_H 1
| #define HAVE_SYS_TYPES_H 1
| #define HAVE_UNISTD_H 1
| #define HAVE_SYS_PARAM_H 1
| #define STDC_HEADERS 1
| #define _XOPEN_SOURCE 700
| #define HAVE_DECL___GET_CPUID_MAX 1
| #define HAVE_DECL___CPUID_COUNT 1
| #define HAVE_SSSE3 1
| #define HAVE_POPCNT 1
| #define HAVE_SSE4_1 1
| #define UBSAN 1
| #define HAVE_POPCNT 1
| #define HAVE_AVX2 1
| #define HAVE_POPCNT 1
| #define HAVE_AVX512 1
| #define HAVE_BUILTIN_CPU_SUPPORT_SSSE3 1
| #define HAVE_ATTRIBUTE_TARGET_SSSE3 1
| #define HAVE_GETPAGESIZE 1
| #define HAVE_MMAP 1
| #define HAVE_GMTIME_R 1
| #define HAVE_FSYNC 1
| #define HAVE_DRAND48 1
| #define HAVE_GETAUXVAL 1
| #define HAVE_POSIX_MEMALIGN 1
| #define HAVE_FDATASYNC 1
| #define HAVE_ATTRIBUTE_CONSTRUCTOR 1
| #define HAVE_CLOCK_GETTIME_CPUTIME 1
| #define HAVE_LIBZ 1
| #define HAVE_LIBBZ2 1
| #define HAVE_LZMA_H 1
| #define HAVE_LIBLZMA 1
| #define HAVE_LIBCURL 1
| #define ENABLE_GCS 1
| /* end confdefs.h.  */
| 
| /* Override any GCC internal prototype to avoid an error.
|    Use char because int might match the return type of a GCC
|    builtin and then its argument prototype would still apply.
|    The 'extern "C"' is for builds by C++ compilers;
|    although this is not generally supported in C code supporting it here
|    has little cost and some practical benefit (sr 110532).  */
| #ifdef __cplusplus
| extern "C"
| #endif
| char HMAC (void);
| int
| main (void)
| {
| return HMAC ();
|   ;
|   return 0;
| }
configure:6866: gcc -o conftest  -Wall -g -O2 -fvisibility=hidden   -fvisibility=hidden conftest.c -lcrypto  -llzma -lbz2 -lz -lm  >&5
configure:6866: $? = 0
configure:6888: result: -lcrypto
configure:6998: checking for CMSG_LEN
configure:7034: gcc -c  -Wall -g -O2 -fvisibility=hidden  conftest.c >&5
configure:7034: $? = 0
configure:7037: result: yes
configure:7077: checking for epoll
configure:7100: gcc -o conftest  -Wall -g -O2 -fvisibility=hidden   -fvisibility=hidden conftest.c -llzma -lbz2 -lz -lm  >&5
configure:7100: $? = 0
configure:7105: result: yes (edge triggered)
configure:7154: checking for sendfile
configure:7175: gcc -o conftest  -Wall -g -O2 -fvisibility=hidden   -fvisibility=hidden conftest.c -llzma -lbz2 -lz -lm  >&5
configure:7175: $? = 0
configure:7178: result: yes, Linux-style
configure:7290: checking whether EHOSTDOWN is declared
configure:7290: gcc -c  -Wall -g -O2 -fvisibility=hidden   conftest.c >&5
configure:7290: $? = 0
configure:7290: result: yes
configure:7300: checking whether ENONET is declared
configure:7300: gcc -c  -Wall -g -O2 -fvisibility=hidden   conftest.c >&5
configure:7300: $? = 0
configure:7300: result: yes
configure:7311: checking whether AI_V4MAPPED is declared
configure:7311: gcc -c  -Wall -g -O2 -fvisibility=hidden   conftest.c >&5
configure:7311: $? = 0
configure:7311: result: yes
configure:7321: checking whether AI_ADDRCONFIG is declared
configure:7321: gcc -c  -Wall -g -O2 -fvisibility=hidden   conftest.c >&5
configure:7321: $? = 0
configure:7321: result: yes
configure:7353: gcc -c -Werror -Wthis-is-really-not-a-vaild-option  conftest.c >&5
gcc: error: unrecognized command-line option '-Wthis-is-really-not-a-vaild-option'
configure:7353: $? = 1
configure: failed program was:
| /* confdefs.h */
| #define PACKAGE_NAME "HTSlib"
| #define PACKAGE_TARNAME "htslib"
| #define PACKAGE_VERSION "1.22.1"
| #define PACKAGE_STRING "HTSlib 1.22.1"
| #define PACKAGE_BUGREPORT "samtools-help@lists.sourceforge.net"
| #define PACKAGE_URL "http://www.htslib.org/"
| #define HAVE_STDIO_H 1
| #define HAVE_STDLIB_H 1
| #define HAVE_STRING_H 1
| #define HAVE_INTTYPES_H 1
| #define HAVE_STDINT_H 1
| #define HAVE_STRINGS_H 1
| #define HAVE_SYS_STAT_H 1
| #define HAVE_SYS_TYPES_H 1
| #define HAVE_UNISTD_H 1
| #define HAVE_SYS_PARAM_H 1
| #define STDC_HEADERS 1
| #define _XOPEN_SOURCE 700
| #define HAVE_DECL___GET_CPUID_MAX 1
| #define HAVE_DECL___CPUID_COUNT 1
| #define HAVE_SSSE3 1
| #define HAVE_POPCNT 1
| #define HAVE_SSE4_1 1
| #define UBSAN 1
| #define HAVE_POPCNT 1
| #define HAVE_AVX2 1
| #define HAVE_POPCNT 1
| #define HAVE_AVX512 1
| #define HAVE_BUILTIN_CPU_SUPPORT_SSSE3 1
| #define HAVE_ATTRIBUTE_TARGET_SSSE3 1
| #define HAVE_GETPAGESIZE 1
| #define HAVE_MMAP 1
| #define HAVE_GMTIME_R 1
| #define HAVE_FSYNC 1
| #define HAVE_DRAND48 1
| #define HAVE_GETAUXVAL 1
| #define HAVE_POSIX_MEMALIGN 1
| #define HAVE_FDATASYNC 1
| #define HAVE_ATTRIBUTE_CONSTRUCTOR 1
| #define HAVE_CLOCK_GETTIME_CPUTIME 1
| #define HAVE_LIBZ 1
| #define HAVE_LIBBZ2 1
| #define HAVE_LZMA_H 1
| #define HAVE_LIBLZMA 1
| #define HAVE_LIBCURL 1
| #define ENABLE_GCS 1
| #define HAVE_HMAC 1
| #define HAVE_EPOLL 1
| #define PW_HAVE_EDGE 1
| #define HAVE_LINUX_SENDFILE 1
| #define HAVE_DECL_EHOSTDOWN 1
| #define HAVE_DECL_ENONET 1
| #define HAVE_DECL_AI_V4MAPPED 1
| #define HAVE_DECL_AI_ADDRCONFIG 1
| /* end confdefs.h.  */
| 
| int
| main (void)
| {
| 
|   ;
|   return 0;
| }
configure:7362: checking whether the compiler accepts -Wextra
configure:7381: gcc -c -Werror -Wextra  conftest.c >&5
configure:7381: $? = 0
configure:7402: result: yes
configure:7412: checking whether the compiler accepts -Wformat
configure:7431: gcc -c -Werror -Wformat  conftest.c >&5
configure:7431: $? = 0
configure:7452: result: yes
configure:7462: checking whether the compiler accepts -Wformat=2
configure:7481: gcc -c -Werror -Wformat=2  conftest.c >&5
configure:7481: $? = 0
configure:7502: result: yes
configure:7512: checking whether the compiler accepts -Wconversion
configure:7531: gcc -c -Werror -Wconversion  conftest.c >&5
configure:7531: $? = 0
configure:7552: result: yes
configure:7562: checking whether the compiler accepts -Wtrampolines
configure:7581: gcc -c -Werror -Wtrampolines  conftest.c >&5
configure:7581: $? = 0
configure:7602: result: yes
configure:7612: checking whether the compiler accepts -Wstrict-aliasing
configure:7631: gcc -c -Werror -Wstrict-aliasing  conftest.c >&5
configure:7631: $? = 0
configure:7652: result: yes
configure:7662: checking whether the compiler accepts -fstack-clash-protection
configure:7681: gcc -c -Werror -fstack-clash-protection  conftest.c >&5
configure:7681: $? = 0
configure:7702: result: yes
configure:7712: checking whether the compiler accepts -fstack-protector-strong
configure:7731: gcc -c -Werror -fstack-protector-strong  conftest.c >&5
configure:7731: $? = 0
configure:7752: result: yes
configure:7762: checking whether the compiler accepts -fcf-protection=full
configure:7781: gcc -c -Werror -fcf-protection=full  conftest.c >&5
configure:7781: $? = 0
configure:7802: result: yes
configure:7812: checking whether the compiler accepts -mbranch-protection=standard
configure:7831: gcc -c -Werror -mbranch-protection=standard  conftest.c >&5
gcc: error: unrecognized command-line option '-mbranch-protection=standard'
configure:7831: $? = 1
configure: failed program was:
| /* confdefs.h */
| #define PACKAGE_NAME "HTSlib"
| #define PACKAGE_TARNAME "htslib"
| #define PACKAGE_VERSION "1.22.1"
| #define PACKAGE_STRING "HTSlib 1.22.1"
| #define PACKAGE_BUGREPORT "samtools-help@lists.sourceforge.net"
| #define PACKAGE_URL "http://www.htslib.org/"
| #define HAVE_STDIO_H 1
| #define HAVE_STDLIB_H 1
| #define HAVE_STRING_H 1
| #define HAVE_INTTYPES_H 1
| #define HAVE_STDINT_H 1
| #define HAVE_STRINGS_H 1
| #define HAVE_SYS_STAT_H 1
| #define HAVE_SYS_TYPES_H 1
| #define HAVE_UNISTD_H 1
| #define HAVE_SYS_PARAM_H 1
| #define STDC_HEADERS 1
| #define _XOPEN_SOURCE 700
| #define HAVE_DECL___GET_CPUID_MAX 1
| #define HAVE_DECL___CPUID_COUNT 1
| #define HAVE_SSSE3 1
| #define HAVE_POPCNT 1
| #define HAVE_SSE4_1 1
| #define UBSAN 1
| #define HAVE_POPCNT 1
| #define HAVE_AVX2 1
| #define HAVE_POPCNT 1
| #define HAVE_AVX512 1
| #define HAVE_BUILTIN_CPU_SUPPORT_SSSE3 1
| #define HAVE_ATTRIBUTE_TARGET_SSSE3 1
| #define HAVE_GETPAGESIZE 1
| #define HAVE_MMAP 1
| #define HAVE_GMTIME_R 1
| #define HAVE_FSYNC 1
| #define HAVE_DRAND48 1
| #define HAVE_GETAUXVAL 1
| #define HAVE_POSIX_MEMALIGN 1
| #define HAVE_FDATASYNC 1
| #define HAVE_ATTRIBUTE_CONSTRUCTOR 1
| #define HAVE_CLOCK_GETTIME_CPUTIME 1
| #define HAVE_LIBZ 1
| #define HAVE_LIBBZ2 1
| #define HAVE_LZMA_H 1
| #define HAVE_LIBLZMA 1
| #define HAVE_LIBCURL 1
| #define ENABLE_GCS 1
| #define HAVE_HMAC 1
| #define HAVE_EPOLL 1
| #define PW_HAVE_EDGE 1
| #define HAVE_LINUX_SENDFILE 1
| #define HAVE_DECL_EHOSTDOWN 1
| #define HAVE_DECL_ENONET 1
| #define HAVE_DECL_AI_V4MAPPED 1
| #define HAVE_DECL_AI_ADDRCONFIG 1
| /* end confdefs.h.  */
| 
| int
| main (void)
| {
| 
|   ;
|   return 0;
| }
configure:7852: result: no
configure:7862: checking whether the compiler accepts -fno-delete-null-pointer-checks
configure:7881: gcc -c -Werror -fno-delete-null-pointer-checks  conftest.c >&5
configure:7881: $? = 0
configure:7902: result: yes
configure:7914: checking whether the compiler accepts -Wl,-z,noexecstack
configure:7933: gcc -o conftest  -Wall -g -O2 -fvisibility=hidden   -fvisibility=hidden -Wl,-z,noexecstack conftest.c -llzma -lbz2 -lz -lm  >&5
configure:7933: $? = 0
configure:7955: result: yes
configure:7964: checking whether the compiler accepts -Wl,-z,relro
configure:7983: gcc -o conftest  -Wall -g -O2 -fvisibility=hidden   -fvisibility=hidden -Wl,-z,relro conftest.c -llzma -lbz2 -lz -lm  >&5
configure:7983: $? = 0
configure:8005: result: yes
configure:8014: checking whether the compiler accepts -Wl,-z,now
configure:8033: gcc -o conftest  -Wall -g -O2 -fvisibility=hidden   -fvisibility=hidden -Wl,-z,now conftest.c -llzma -lbz2 -lz -lm  >&5
configure:8033: $? = 0
configure:8055: result: yes
configure:8064: checking whether the compiler accepts -Wl,--as-needed
configure:8083: gcc -o conftest  -Wall -g -O2 -fvisibility=hidden   -fvisibility=hidden -Wl,--as-needed conftest.c -llzma -lbz2 -lz -lm  >&5
configure:8083: $? = 0
configure:8105: result: yes
configure:8114: checking whether the compiler accepts -Wl,--no-copy-dt-needed-entries
configure:8133: gcc -o conftest  -Wall -g -O2 -fvisibility=hidden   -fvisibility=hidden -Wl,--no-copy-dt-needed-entries conftest.c -llzma -lbz2 -lz -lm  >&5
configure:8133: $? = 0
configure:8155: result: yes
configure:8168: checking whether the compiler accepts -Wl,-z,nodlopen
configure:8187: gcc -o conftest  -Wall -g -O2 -fvisibility=hidden   -fvisibility=hidden -Wl,-z,nodlopen conftest.c -llzma -lbz2 -lz -lm  >&5
configure:8187: $? = 0
configure:8209: result: yes
configure:8235: checking for library containing regcomp
configure:8271: gcc -o conftest  -Wall -g -O2 -fvisibility=hidden   -fvisibility=hidden conftest.c -llzma -lbz2 -lz -lm  >&5
configure:8271: $? = 0
configure:8293: result: none required
configure:8466: creating ./config.status

## ---------------------- ##
## Running config.status. ##
## ---------------------- ##

This file was extended by HTSlib config.status 1.22.1, which was
generated by GNU Autoconf 2.72.  Invocation command line was

  CONFIG_FILES    = 
  CONFIG_HEADERS  = 
  CONFIG_LINKS    = 
  CONFIG_COMMANDS = 
  $ ./config.status 

on Salas

config.status:884: creating config.mk
config.status:884: creating htslib.pc.tmp
config.status:884: creating config.h
config.status:1080: linking htscodecs_bundled.mk to htscodecs.mk

## ---------------- ##
## Cache variables. ##
## ---------------- ##

ac_cv_build=x86_64-pc-linux-gnu
ac_cv_c_compiler_gnu=yes
ac_cv_c_undeclared_builtin_options='none needed'
ac_cv_env_CC_set=
ac_cv_env_CC_value=
ac_cv_env_CFLAGS_set=
ac_cv_env_CFLAGS_value=
ac_cv_env_CPPFLAGS_set=
ac_cv_env_CPPFLAGS_value=
ac_cv_env_LDFLAGS_set=
ac_cv_env_LDFLAGS_value=
ac_cv_env_LIBS_set=
ac_cv_env_LIBS_value=
ac_cv_env_PKG_CONFIG_LIBDIR_set=
ac_cv_env_PKG_CONFIG_LIBDIR_value=
ac_cv_env_PKG_CONFIG_PATH_set=
ac_cv_env_PKG_CONFIG_PATH_value=
ac_cv_env_PKG_CONFIG_set=
ac_cv_env_PKG_CONFIG_value=
ac_cv_env_build_alias_set=
ac_cv_env_build_alias_value=
ac_cv_env_host_alias_set=
ac_cv_env_host_alias_value=
ac_cv_env_target_alias_set=
ac_cv_env_target_alias_value=
ac_cv_func_CCHmac=no
ac_cv_func_drand48=yes
ac_cv_func_elf_aux_info=no
ac_cv_func_fdatasync=yes
ac_cv_func_fsync=yes
ac_cv_func_getauxval=yes
ac_cv_func_getpagesize=yes
ac_cv_func_gmtime_r=yes
ac_cv_func_mmap_fixed_mapped=yes
ac_cv_func_posix_memalign=yes
ac_cv_func_srand48_deterministic=no
ac_cv_have_decl_AI_ADDRCONFIG=yes
ac_cv_have_decl_AI_V4MAPPED=yes
ac_cv_have_decl_EHOSTDOWN=yes
ac_cv_have_decl_ENONET=yes
ac_cv_have_decl__XOPEN_SOURCE=no
ac_cv_have_decl___cpuid_count=yes
ac_cv_have_decl___get_cpuid_max=yes
ac_cv_have_decl_fdatasync_int_=yes
ac_cv_header_bzlib_h=yes
ac_cv_header_curl_curl_h=yes
ac_cv_header_inttypes_h=yes
ac_cv_header_libdeflate_h=no
ac_cv_header_lzma_h=yes
ac_cv_header_stdint_h=yes
ac_cv_header_stdio_h=yes
ac_cv_header_stdlib_h=yes
ac_cv_header_string_h=yes
ac_cv_header_strings_h=yes
ac_cv_header_sys_param_h=yes
ac_cv_header_sys_stat_h=yes
ac_cv_header_sys_types_h=yes
ac_cv_header_unistd_h=yes
ac_cv_header_zlib_h=yes
ac_cv_host=x86_64-pc-linux-gnu
ac_cv_lib_bz2_BZ2_bzBuffToBuffCompress=yes
ac_cv_lib_curl_curl_easy_pause=yes
ac_cv_lib_deflate_libdeflate_deflate_compress=no
ac_cv_lib_lzma_lzma_easy_buffer_encode=yes
ac_cv_lib_z_inflate=yes
ac_cv_objext=o
ac_cv_path_GREP=/usr/bin/grep
ac_cv_path_ac_pt_PKG_CONFIG=/usr/bin/pkg-config
ac_cv_prog_ac_ct_CC=gcc
ac_cv_prog_ac_ct_RANLIB=ranlib
ac_cv_prog_cc_c11=
ac_cv_prog_cc_g=yes
ac_cv_prog_cc_stdc=
ac_cv_search_HMAC=-lcrypto
ac_cv_search_log=-lm
ac_cv_search_recv='none required'
ac_cv_search_regcomp='none required'
ac_cv_sys_largefile_opts='none needed'
hts_cv_check__Wconversion=yes
hts_cv_check__Wextra=yes
hts_cv_check__Wformat=yes
hts_cv_check__Wformat_2=yes
hts_cv_check__Wl___as_needed=yes
hts_cv_check__Wl___no_copy_dt_needed_entries=yes
hts_cv_check__Wl__z_nodlopen=yes
hts_cv_check__Wl__z_noexecstack=yes
hts_cv_check__Wl__z_now=yes
hts_cv_check__Wl__z_relro=yes
hts_cv_check__Wstrict_aliasing=yes
hts_cv_check__Wtrampolines=yes
hts_cv_check__fcf_protection_full=yes
hts_cv_check__fno_delete_null_pointer_checks=yes
hts_cv_check__fstack_clash_protection=yes
hts_cv_check__fstack_protector_strong=yes
hts_cv_check__fvisibility_hidden=yes
hts_cv_check__mbranch_protection_standard=no
hts_cv_check_cflags_needed_avx2___mavx2__mpopcnt='-mavx2 -mpopcnt'
hts_cv_check_cflags_needed_avx512f___mavx512f__mpopcnt='-mavx512f -mpopcnt'
hts_cv_check_cflags_needed_sse4_1___msse4_1__mssse3__mpopcnt='-msse4.1 -mssse3 -mpopcnt'
hts_cv_have_versioned_symbols=yes
hts_cv_prog_cc_warnings=-Wall

## ----------------- ##
## Output variables. ##
## ----------------- ##

CC='gcc'
CFLAGS=' -Wall -g -O2 -fvisibility=hidden'
CPPFLAGS=''
CRYPTO_LIBS='-lcrypto'
DEFS='-DHAVE_CONFIG_H'
ECHO_C=''
ECHO_N='-n'
ECHO_T=''
EXEEXT=''
GREP='/usr/bin/grep'
HTSDIRslash_if_relsrcdir='$(HTSDIR)/'
LDFLAGS=' -fvisibility=hidden'
LIBOBJS=''
LIBS='-llzma -lbz2 -lz -lm '
LTLIBOBJS=''
OBJEXT='o'
PACKAGE_BUGREPORT='samtools-help@lists.sourceforge.net'
PACKAGE_NAME='HTSlib'
PACKAGE_STRING='HTSlib 1.22.1'
PACKAGE_TARNAME='htslib'
PACKAGE_URL='http://www.htslib.org/'
PACKAGE_VERSION='1.22.1'
PATH_SEPARATOR=':'
PKG_CONFIG='/usr/bin/pkg-config'
PKG_CONFIG_LIBDIR=''
PKG_CONFIG_PATH=''
PLATFORM='default'
PLUGIN_EXT='.so'
RANLIB='ranlib'
SHELL='/bin/sh'
VERSION_SCRIPT_LDFLAGS='-Wl,-version-script,$(srcprefix)htslib.map'
ac_ct_CC='gcc'
bindir='${exec_prefix}/bin'
build='x86_64-pc-linux-gnu'
build_alias=''
build_cpu='x86_64'
build_os='linux-gnu'
build_vendor='pc'
datadir='${datarootdir}'
datarootdir='${prefix}/share'
docdir='${datarootdir}/doc/${PACKAGE_TARNAME}'
dvidir='${docdir}'
enable_plugins='no'
exec_prefix='${prefix}'
gcs='enabled'
host='x86_64-pc-linux-gnu'
host_alias=''
host_cpu='x86_64'
host_os='linux-gnu'
host_vendor='pc'
htmldir='${docdir}'
hts_cflags_avx2='-mavx2 -mpopcnt'
hts_cflags_avx512='-mavx512f -mpopcnt'
hts_cflags_sse4='-msse4.1 -mssse3 -mpopcnt'
hts_paranoia_c_flags=' -Wextra -Wformat -Wformat=2 -Wconversion -Wtrampolines -Wstrict-aliasing -fstack-clash-protection -fstack-protector-strong -fcf-protection=full -fno-delete-null-pointer-checks'
hts_paranoia_ld_flags=' -Wl,-z,noexecstack -Wl,-z,relro -Wl,-z,now -Wl,--as-needed -Wl,--no-copy-dt-needed-entries -Wl,-z,nodlopen'
hts_ref_cache_programs='ref_cache/ref-cache'
hts_ref_cache_test_opts='--ref-cache-bin ../ref_cache/ref-cache'
includedir='${prefix}/include'
infodir='${datarootdir}/info'
libcurl='enabled'
libdir='${exec_prefix}/lib'
libexecdir='${exec_prefix}/libexec'
localedir='${datarootdir}/locale'
localstatedir='${prefix}/var'
mandir='${datarootdir}/man'
oldincludedir='/usr/include'
pc_requires=' bzip2 liblzma'
pdfdir='${docdir}'
plugindir='$(libexecdir)/htslib'
pluginpath='$(libexecdir)/htslib'
prefix='/data/Software'
private_LIBS=''
program_transform_name='s,x,x,'
psdir='${docdir}'
runstatedir='${localstatedir}/run'
s3='enabled'
sbindir='${exec_prefix}/sbin'
sharedstatedir='${prefix}/com'
static_LDFLAGS=''
static_LIBS='-lpthread -lz -lm -lbz2 -llzma -lcurl -lcrypto'
sysconfdir='${prefix}/etc'
target_alias=''
with_external_htscodecs='no'

## ----------- ##
## confdefs.h. ##
## ----------- ##

/* confdefs.h */
#define PACKAGE_NAME "HTSlib"
#define PACKAGE_TARNAME "htslib"
#define PACKAGE_VERSION "1.22.1"
#define PACKAGE_STRING "HTSlib 1.22.1"
#define PACKAGE_BUGREPORT "samtools-help@lists.sourceforge.net"
#define PACKAGE_URL "http://www.htslib.org/"
#define HAVE_STDIO_H 1
#define HAVE_STDLIB_H 1
#define HAVE_STRING_H 1
#define HAVE_INTTYPES_H 1
#define HAVE_STDINT_H 1
#define HAVE_STRINGS_H 1
#define HAVE_SYS_STAT_H 1
#define HAVE_SYS_TYPES_H 1
#define HAVE_UNISTD_H 1
#define HAVE_SYS_PARAM_H 1
#define STDC_HEADERS 1
#define _XOPEN_SOURCE 700
#define HAVE_DECL___GET_CPUID_MAX 1
#define HAVE_DECL___CPUID_COUNT 1
#define HAVE_SSSE3 1
#define HAVE_POPCNT 1
#define HAVE_SSE4_1 1
#define UBSAN 1
#define HAVE_POPCNT 1
#define HAVE_AVX2 1
#define HAVE_POPCNT 1
#define HAVE_AVX512 1
#define HAVE_BUILTIN_CPU_SUPPORT_SSSE3 1
#define HAVE_ATTRIBUTE_TARGET_SSSE3 1
#define HAVE_GETPAGESIZE 1
#define HAVE_MMAP 1
#define HAVE_GMTIME_R 1
#define HAVE_FSYNC 1
#define HAVE_DRAND48 1
#define HAVE_GETAUXVAL 1
#define HAVE_POSIX_MEMALIGN 1
#define HAVE_FDATASYNC 1
#define HAVE_ATTRIBUTE_CONSTRUCTOR 1
#define HAVE_CLOCK_GETTIME_CPUTIME 1
#define HAVE_LIBZ 1
#define HAVE_LIBBZ2 1
#define HAVE_LZMA_H 1
#define HAVE_LIBLZMA 1
#define HAVE_LIBCURL 1
#define ENABLE_GCS 1
#define HAVE_HMAC 1
#define HAVE_EPOLL 1
#define PW_HAVE_EDGE 1
#define HAVE_LINUX_SENDFILE 1
#define HAVE_DECL_EHOSTDOWN 1
#define HAVE_DECL_ENONET 1
#define HAVE_DECL_AI_V4MAPPED 1
#define HAVE_DECL_AI_ADDRCONFIG 1
#define ENABLE_S3 1

configure: exit 0
